Build started 26/6/2017 9:41:43 AM.
     1>Project "c:\Users\ricki\documents\visual studio 2015\Projects\watafak2\watafak2\watafak2.vcxproj" on node 2 (Build target(s)).
     1>ClCompile:
         C:\Program Files (x86)\Microsoft Visual Studio 14.0\VC\bin\CL.exe /c /ZI /nologo /W3 /WX- /Od /Oy- /D WIN32 /D _DEBUG /D _CONSOLE /D _UNICODE /D UNICODE /Gm /EHsc /RTC1 /MDd /GS /fp:precise /Zc:wchar_t /Zc:forScope /Zc:inline /Fo"Debug\\" /Fd"Debug\vc140.pdb" /Gd /TP /analyze- /errorReport:prompt Source.cpp
         Source.cpp
     1>c:\users\ricki\documents\visual studio 2015\projects\watafak2\watafak2\source.cpp(38): warning C4129: ' ': unrecognized character escape sequence
     1>c:\users\ricki\documents\visual studio 2015\projects\watafak2\watafak2\source.cpp(61): warning C4996: 'scanf': This function or variable may be unsafe. Consider using scanf_s instead. To disable deprecation, use _CRT_SECURE_NO_WARNINGS. See online help for details.
         c:\program files (x86)\windows kits\10\include\10.0.10150.0\ucrt\stdio.h(1270): note: see declaration of 'scanf'
     1>c:\users\ricki\documents\visual studio 2015\projects\watafak2\watafak2\source.cpp(120): warning C4996: 'scanf': This function or variable may be unsafe. Consider using scanf_s instead. To disable deprecation, use _CRT_SECURE_NO_WARNINGS. See online help for details.
         c:\program files (x86)\windows kits\10\include\10.0.10150.0\ucrt\stdio.h(1270): note: see declaration of 'scanf'
     1>c:\users\ricki\documents\visual studio 2015\projects\watafak2\watafak2\source.cpp(159): warning C4996: 'scanf': This function or variable may be unsafe. Consider using scanf_s instead. To disable deprecation, use _CRT_SECURE_NO_WARNINGS. See online help for details.
         c:\program files (x86)\windows kits\10\include\10.0.10150.0\ucrt\stdio.h(1270): note: see declaration of 'scanf'
     1>c:\users\ricki\documents\visual studio 2015\projects\watafak2\watafak2\source.cpp(444): warning C4996: 'scanf': This function or variable may be unsafe. Consider using scanf_s instead. To disable deprecation, use _CRT_SECURE_NO_WARNINGS. See online help for details.
         c:\program files (x86)\windows kits\10\include\10.0.10150.0\ucrt\stdio.h(1270): note: see declaration of 'scanf'
     1>c:\users\ricki\documents\visual studio 2015\projects\watafak2\watafak2\source.cpp(463): warning C4996: 'scanf': This function or variable may be unsafe. Consider using scanf_s instead. To disable deprecation, use _CRT_SECURE_NO_WARNINGS. See online help for details.
         c:\program files (x86)\windows kits\10\include\10.0.10150.0\ucrt\stdio.h(1270): note: see declaration of 'scanf'
     1>c:\users\ricki\documents\visual studio 2015\projects\watafak2\watafak2\source.cpp(497): warning C4715: 'exitMenu': not all control paths return a value
     1>c:\users\ricki\documents\visual studio 2015\projects\watafak2\watafak2\source.cpp(517): warning C4715: 'login': not all control paths return a value
       Link:
         C:\Program Files (x86)\Microsoft Visual Studio 14.0\VC\bin\link.exe /ERRORREPORT:PROMPT /OUT:"c:\users\ricki\documents\visual studio 2015\Projects\watafak2\Debug\watafak2.exe" /INCREMENTAL /NOLOGO kernel32.lib user32.lib gdi32.lib winspool.lib comdlg32.lib advapi32.lib shell32.lib ole32.lib oleaut32.lib uuid.lib odbc32.lib odbccp32.lib /MANIFEST /MANIFESTUAC:"level='asInvoker' uiAccess='false'" /manifest:embed /Debug /PDB:"c:\users\ricki\documents\visual studio 2015\Projects\watafak2\Debug\watafak2.pdb" /SUBSYSTEM:CONSOLE /TLBID:1 /DYNAMICBASE /NXCOMPAT /IMPLIB:"c:\users\ricki\documents\visual studio 2015\Projects\watafak2\Debug\watafak2.lib" /MACHINE:X86 Debug\Source.obj
         watafak2.vcxproj -> c:\users\ricki\documents\visual studio 2015\Projects\watafak2\Debug\watafak2.exe
     1>Done Building Project "c:\Users\ricki\documents\visual studio 2015\Projects\watafak2\watafak2\watafak2.vcxproj" (Build target(s)).

Build succeeded.

Time Elapsed 00:00:00.63
